Change Component Designator: Old Designator=C3 New Designator=C12
Change Component Designator: Old Designator=C3 New Designator=C13
Change Component Designator: Old Designator=C15 New Designator=C3
Change Component Designator: Old Designator=C16 New Designator=C14
Change Component Designator: Old Designator=C18 New Designator=C15
Change Component Designator: Old Designator=K4 New Designator=K2
Change Component Designator: Old Designator=P1 New Designator=P2
Change Component Designator: Old Designator=P2 New Designator=P3
Change Component Designator: Old Designator=P3 New Designator=P1
Change Component Designator: Old Designator=Q1 New Designator=Q2
Change Component Designator: Old Designator=R1 New Designator=R3
Change Component Designator: Old Designator=R2 New Designator=R4
Change Component Designator: Old Designator=R2 New Designator=R21
Change Component Designator: Old Designator=R3 New Designator=R5
Change Component Designator: Old Designator=R4 New Designator=R6
Change Component Designator: Old Designator=R5 New Designator=R7
Change Component Designator: Old Designator=R6 New Designator=R8
Change Component Designator: Old Designator=R7 New Designator=R16
Change Component Designator: Old Designator=R7 New Designator=R17
Change Component Designator: Old Designator=R8 New Designator=R9
Change Component Designator: Old Designator=R9 New Designator=R10
Change Component Designator: Old Designator=R10 New Designator=R11
Change Component Designator: Old Designator=R11 New Designator=R19
Change Component Designator: Old Designator=R11 New Designator=R20
Change Component Designator: Old Designator=R15 New Designator=R1
Change Component Designator: Old Designator=R16 New Designator=R2
Change Component Designator: Old Designator=R18 New Designator=R15
Change Component Designator: Old Designator=R19 New Designator=R18
