Removed Pin From Net: NetName=GND Pin=*1-5
Removed Pin From Net: NetName=GND Pin=C8-1
Removed Pin From Net: NetName=GND Pin=C9-1
Removed Pin From Net: NetName=GND Pin=C10-1
Removed Pin From Net: NetName=GND Pin=C11-1
Removed Pin From Net: NetName=GND Pin=C12-2
Removed Pin From Net: NetName=GND Pin=C13-1
Removed Pin From Net: NetName=3.3V Pin=C13-2
Removed Pin From Net: NetName=GND Pin=C14-2
Removed Pin From Net: NetName=GND Pin=C15-1
Removed Pin From Net: NetName=GND Pin=C16-2
Removed Pin From Net: NetName=GND Pin=C17-1
Removed Pin From Net: NetName=3.3V Pin=C17-2
Removed Pin From Net: NetName=GND Pin=C18-1
Removed Pin From Net: NetName=GND Pin=esp1-38
Removed Pin From Net: NetName=GND Pin=IC1-1
Removed Pin From Net: NetName=3.3V Pin=IC1-8
Removed Pin From Net: NetName=GND Pin=IC1-11
Removed Pin From Net: NetName=3.3V Pin=IC1-13
Removed Pin From Net: NetName=GND Pin=IC1-18
Removed Pin From Net: NetName=Netesp1_25 Pin=K2-1
Removed Pin From Net: NetName=GND Pin=K2-2
Removed Pin From Net: NetName=GND Pin=K3-1
Removed Pin From Net: NetName=KEY0 Pin=K3-2
Removed Pin From Net: NetName=GND Pin=K3-5
Removed Pin From Net: NetName=GND Pin=K3-6
Removed Pin From Net: NetName=GND Pin=K4-1
Removed Pin From Net: NetName=GND Pin=K4-5
Removed Pin From Net: NetName=GND Pin=K4-6
Removed Pin From Net: NetName=GND Pin=K5-1
Removed Pin From Net: NetName=GND Pin=K5-5
Removed Pin From Net: NetName=GND Pin=K5-6
Removed Pin From Net: NetName=GND Pin=K6-1
Removed Pin From Net: NetName=GND Pin=K6-5
Removed Pin From Net: NetName=GND Pin=K6-6
Removed Pin From Net: NetName=GND Pin=OLED1-21
Removed Pin From Net: NetName=GND Pin=OLED1-22
Removed Pin From Net: NetName=GND Pin=OLED1-23
Removed Pin From Net: NetName=GND Pin=OLED1-24
Removed Pin From Net: NetName=GND Pin=OLED1-25
Removed Pin From Net: NetName=BAT Pin=P1-2
Removed Pin From Net: NetName=GND Pin=P2-2
Removed Pin From Net: NetName=GND Pin=P*1-2
Removed Pin From Net: NetName=GND Pin=R14-1
Removed Pin From Net: NetName=GND Pin=R17-1
Removed Pin From Net: NetName=3.3V Pin=R20-2
Removed Pin From Net: NetName=3.3V Pin=R21-2
Removed Pin From Net: NetName=GND Pin=R22-2
Removed Pin From Net: NetName=GND Pin=TP1-1
Removed Pin From Net: NetName=GND Pin=TP1-3
Removed Pin From Net: NetName=GND Pin=U1-1
Removed Member From Class: ClassName=ESP32_Watch_Project_V2.0 Member=C16
Removed Member From Class: ClassName=ESP32_Watch_Project_V2.0 Member=C17
Removed Member From Class: ClassName=ESP32_Watch_Project_V2.0 Member=C18
Removed Member From Class: ClassName=ESP32_Watch_Project_V2.0 Member=DS2
Removed Member From Class: ClassName=ESP32_Watch_Project_V2.0 Member=IC1
Removed Member From Class: ClassName=ESP32_Watch_Project_V2.0 Member=K4
Removed Member From Class: ClassName=ESP32_Watch_Project_V2.0 Member=K5
Removed Member From Class: ClassName=ESP32_Watch_Project_V2.0 Member=K6
Change Component DesignItemId : Designator=C13 Old DesignItemId=Cap_1 New DesignItemId=CAP
Change Component Comment : Designator=R20 Old Comment=4.7K New Comment=10k
Change Component Comment : Designator=R21 Old Comment=4.7K New Comment=12k
Change Component Comment : Designator=R17 Old Comment=10K New Comment=100R
Change Component Comment : Designator=C13 Old Comment=104 New Comment=4.7uf
Change Component Designator: OldDesignator=C3 NewDesignator=C12
Change Component Designator: OldDesignator=C15 NewDesignator=C3
Change Component Designator: OldDesignator=C16 NewDesignator=C14
Change Component Designator: OldDesignator=C18 NewDesignator=C15
Change Component Designator: OldDesignator=K4 NewDesignator=K2
Change Component Designator: OldDesignator=P2 NewDesignator=P3
Change Component Designator: OldDesignator=R1 NewDesignator=R3
Change Component Designator: OldDesignator=R2 NewDesignator=R4
Change Component Designator: OldDesignator=R3 NewDesignator=R5
Change Component Designator: OldDesignator=R4 NewDesignator=R6
Change Component Designator: OldDesignator=R5 NewDesignator=R7
Change Component Designator: OldDesignator=R6 NewDesignator=R8
Change Component Designator: OldDesignator=R7 NewDesignator=R16
Change Component Designator: OldDesignator=R8 NewDesignator=R9
Change Component Designator: OldDesignator=R9 NewDesignator=R10
Change Component Designator: OldDesignator=R10 NewDesignator=R11
Change Component Designator: OldDesignator=R11 NewDesignator=R19
Change Component Designator: OldDesignator=R15 NewDesignator=R1
Change Component Designator: OldDesignator=R16 NewDesignator=R2
Change Component Designator: OldDesignator=R18 NewDesignator=R15
Change Component Designator: OldDesignator=R19 NewDesignator=R18
Change Component Library : Designator=C13 Old Library=CC26XX转接板.IntLib New Library=ZigBee应用模块V2.1.IntLib
Added Component: Designator=P2(HDR1X2)
Added Component: Designator=Q2(SOT-23(SOT-23-3))
Added Pin To Net: NetName=3.3V Pin=C13-1
Added Pin To Net: NetName=GND Pin=C13-2
Added Pin To Net: NetName=KEY0 Pin=K3-1
Added Pin To Net: NetName=Netesp1_25 Pin=P1-1
Added Pin To Net: NetName=BAT Pin=P1-2
Added Pin To Net: NetName=GND Pin=Q2-3
Change Net Name : Old Net Name=GND New Net Name=V_GND
Change Net Name : Old Net Name=NetC16_1 New Net Name=NetC14_1
Added Pin To Net: NetName=DS2 Pin=DS1-1
Added Pin To Net: NetName=DS2 Pin=esp1-27
Added Pin To Net: NetName=DS2 Pin=esp1-28
Added Pin To Net: NetName=DS2 Pin=R17-1
Added Pin To Net: NetName=DS2 Pin=R18-2
Added Pin To Net: NetName=DS2 Pin=TP1-7
Added Net: Name=DS2
Added Pin To Net: NetName=GND Pin=*1-5
Added Pin To Net: NetName=GND Pin=C3-1
Added Pin To Net: NetName=GND Pin=C8-1
Added Pin To Net: NetName=GND Pin=C9-1
Added Pin To Net: NetName=GND Pin=C10-1
Added Pin To Net: NetName=GND Pin=C11-1
Added Pin To Net: NetName=GND Pin=C14-2
Added Pin To Net: NetName=GND Pin=C15-1
Added Pin To Net: NetName=GND Pin=P1-2
Added Pin To Net: NetName=GND Pin=P3-2
Added Pin To Net: NetName=GND Pin=P*1-2
Added Pin To Net: NetName=GND Pin=Q2-2
Added Pin To Net: NetName=GND Pin=R14-1
Added Pin To Net: NetName=GND Pin=R20-1
Added Pin To Net: NetName=GND Pin=R22-2
Added Pin To Net: NetName=GND Pin=TP1-1
Added Pin To Net: NetName=GND Pin=TP1-3
Added Pin To Net: NetName=GND Pin=U1-1
Added Net: Name=GND
Added Pin To Net: NetName=NetC12_2 Pin=C12-2
Added Pin To Net: NetName=NetC12_2 Pin=P1-1
Added Pin To Net: NetName=NetC12_2 Pin=Q1-3
Added Net: Name=NetC12_2
Added Pin To Net: NetName=NetK3_2 Pin=K3-2
Added Pin To Net: NetName=NetK3_2 Pin=R21-2
Added Net: Name=NetK3_2
Added Pin To Net: NetName=NetOLED1_21 Pin=OLED1-21
Added Pin To Net: NetName=NetOLED1_21 Pin=OLED1-22
Added Pin To Net: NetName=NetOLED1_21 Pin=OLED1-23
Added Pin To Net: NetName=NetOLED1_21 Pin=OLED1-24
Added Pin To Net: NetName=NetOLED1_21 Pin=OLED1-25
Added Net: Name=NetOLED1_21
Added Pin To Net: NetName=NetQ2_1 Pin=Q2-1
Added Pin To Net: NetName=NetQ2_1 Pin=R17-2
Added Pin To Net: NetName=NetQ2_1 Pin=R20-2
Added Net: Name=NetQ2_1
Added Pin To Net: NetName=V_3.3V Pin=R21-1
Added Net: Name=V_3.3V
Added Member To Class: ClassName=ESP32_Watch_Project_V2.0 Member=Component P3 Header 2
Added Member To Class: ClassName=ESP32_Watch_Project_V2.0 Member=Component Q2 SI2302
Added Member To Class: ClassName=ESP32_Watch_Project_V2.0 Member=Component R13 10k
